-------------------------------------------------------------------------------
Test set: com.piratechess.test.TestControllerTests
-------------------------------------------------------------------------------
Tests run: 1, Failures: 0, Errors: 1, Skipped: 0, Time elapsed: 0.002 s <<< FAILURE! - in com.piratechess.test.TestControllerTests
initializationError(com.piratechess.test.TestControllerTests)  Time elapsed: 0.001 s  <<< ERROR!
java.lang.Exception: No runnable methods

